2024-01-30 14:18:27,643 - zap_task - create_task - line:45 - ERROR - Faild to create zap task: 'str' object has no attribute 'get'
2024-01-30 14:23:21,493 - zap_task - create_task - line:45 - ERROR - Faild to create zap task: 'str' object has no attribute 'get'
2024-01-30 14:34:57,566 - zap_task - create_task - line:46 - ERROR - Faild to create zap task: 'str' object has no attribute 'get'
2024-01-30 14:36:11,931 - zap_task - create_task - line:46 - ERROR - Faild to create zap task: 'str' object has no attribute 'get'
2024-01-30 14:38:03,174 - zap_task - create_task - line:47 - ERROR - Faild to create zap task: 'str' object has no attribute 'get'
2024-01-30 14:43:51,138 - zap_task - create_task - line:47 - ERROR - Faild to create zap task: 'str' object has no attribute 'get'
2024-01-30 14:46:05,058 - zap_task - create_task - line:47 - ERROR - Faild to create zap task: 'str' object has no attribute 'get'
2024-01-30 14:47:00,018 - zap_task - create_task - line:47 - ERROR - Faild to create zap task: 'str' object has no attribute 'get'
2024-01-30 14:53:12,963 - zap_task - create_task - line:47 - ERROR - Faild to create zap task: 'str' object has no attribute 'get'
2024-01-30 14:54:16,918 - zap_task - create_task - line:47 - ERROR - Faild to create zap task: Spider scan failed.
2024-01-30 15:06:37,813 - zap_task - get_task - line:21 - ERROR - Faild to get zap task: AjaxSpider begin failed.
2024-01-30 15:07:37,265 - zap_task - get_task - line:21 - ERROR - Faild to get zap task: AjaxSpider begin failed.
2024-01-30 16:38:31,946 - zap_task - get_task - line:21 - ERROR - Faild to get zap task: Active scan failed.
2024-01-30 16:38:43,552 - zap_task - get_task - line:21 - ERROR - Faild to get zap task: Active scan failed.
2024-01-30 16:46:56,722 - zap_task - get_task - line:21 - ERROR - Faild to get zap task: name 'runnig_status' is not defined
2024-01-30 16:53:15,256 - zap_task - get_task - line:21 - ERROR - Faild to get zap task: Active scan failed.
2024-01-30 18:18:00,271 - zap_task - create_task - line:46 - ERROR - Faild to create zap task: HTTPConnectionPool(host='127.0.0.1', port=8081): Max retries exceeded with url: http://zap/JSON/pscan/action/setMaxAlertsPerRule/?maxAlerts=20 (Caused by ProxyError('Cannot connect to proxy.', RemoteDisconnected('Remote end closed connection without response')))
2024-03-27 15:48:00,224 - zap_task - create_task - line:66 - INFO - New task https://service.cstcloud.cn/ started.
2024-03-27 15:48:09,917 - zap_task - create_task - line:66 - INFO - New task https://service.cstcloud.cn/ started.
2024-03-27 15:48:38,557 - zap_task - create_task - line:69 - ERROR - Faild to create zap task: Parallel excution is not supported.
2024-03-27 15:48:44,903 - zap_task - create_task - line:69 - ERROR - Faild to create zap task: Parallel excution is not supported.
2024-03-27 15:48:46,135 - zap_task - create_task - line:69 - ERROR - Faild to create zap task: Parallel excution is not supported.
2024-03-27 15:48:47,239 - zap_task - create_task - line:69 - ERROR - Faild to create zap task: Parallel excution is not supported.
2024-03-27 15:48:48,284 - zap_task - create_task - line:69 - ERROR - Faild to create zap task: Parallel excution is not supported.
2024-03-27 15:48:49,361 - zap_task - create_task - line:69 - ERROR - Faild to create zap task: Parallel excution is not supported.
2024-03-27 15:48:50,320 - zap_task - create_task - line:69 - ERROR - Faild to create zap task: Parallel excution is not supported.
2024-03-27 15:48:51,295 - zap_task - create_task - line:69 - ERROR - Faild to create zap task: Parallel excution is not supported.
2024-03-27 15:48:52,235 - zap_task - create_task - line:69 - ERROR - Faild to create zap task: Parallel excution is not supported.
2024-03-27 15:48:53,265 - zap_task - create_task - line:69 - ERROR - Faild to create zap task: Parallel excution is not supported.
2024-03-27 15:49:36,926 - zap_task - get_task - line:34 - ERROR - Faild to get zap task: Not the running task.
2024-03-27 15:49:38,805 - zap_task - get_task - line:34 - ERROR - Faild to get zap task: Not the running task.
2024-03-27 15:49:40,255 - zap_task - get_task - line:34 - ERROR - Faild to get zap task: Not the running task.
2024-03-27 15:49:44,496 - zap_task - get_task - line:34 - ERROR - Faild to get zap task: Not the running task.
2024-03-27 15:49:45,466 - zap_task - get_task - line:34 - ERROR - Faild to get zap task: Not the running task.
2024-03-27 15:49:46,435 - zap_task - get_task - line:34 - ERROR - Faild to get zap task: Not the running task.
2024-03-27 15:52:49,621 - zap_task - create_task - line:69 - ERROR - Faild to create zap task: Parallel excution is not supported.
2024-03-27 15:58:18,186 - zap_task - create_task - line:69 - ERROR - Faild to create zap task: Parallel excution is not supported.
2024-03-27 15:58:37,489 - zap_task - get_report - line:114 - ERROR - Faild to get zap report: Not the running task.
2024-03-27 15:58:38,748 - zap_task - get_report - line:114 - ERROR - Faild to get zap report: Not the running task.
2024-03-27 15:59:15,419 - zap_task - delete_task - line:93 - ERROR - Faild to create zap task: Not the running task.
2024-03-27 15:59:34,616 - zap_task - delete_task - line:93 - ERROR - Faild to create zap task: Not the running task.
2024-03-27 15:59:35,591 - zap_task - delete_task - line:93 - ERROR - Faild to create zap task: Not the running task.
2024-03-27 15:59:42,902 - zap_task - create_task - line:69 - ERROR - Faild to create zap task: Parallel excution is not supported.
2024-03-27 15:59:53,273 - zap_task - create_task - line:69 - ERROR - Faild to create zap task: Parallel excution is not supported.
2024-03-27 16:00:08,998 - zap_task - create_task - line:66 - INFO - New task https://service.cstcloud.cn/ started.
2024-03-27 16:00:21,693 - zap_task - get_task - line:34 - ERROR - Faild to get zap task: Not the running task.
2024-03-27 16:00:33,373 - zap_task - get_task - line:34 - ERROR - Faild to get zap task: Not the running task.
2024-03-27 16:01:48,725 - zap_task - get_task - line:34 - ERROR - Faild to get zap task: Not the running task.
2024-03-27 16:01:53,310 - zap_task - get_task - line:34 - ERROR - Faild to get zap task: Not the running task.
2024-03-27 16:01:57,214 - zap_task - get_task - line:34 - ERROR - Faild to get zap task: Not the running task.
2024-03-27 16:02:07,444 - zap_task - get_task - line:34 - ERROR - Faild to get zap task: Not the running task.
2024-03-27 16:02:18,494 - zap_task - get_task - line:34 - ERROR - Faild to get zap task: Not the running task.
2024-03-27 16:04:19,932 - zap_task - get_task - line:34 - ERROR - Faild to get zap task: Not the running task.
2024-03-27 16:04:22,069 - zap_task - get_task - line:34 - ERROR - Faild to get zap task: Not the running task.
2024-03-27 16:05:57,722 - zap_task - get_task - line:34 - ERROR - Faild to get zap task: Not the running task.
2024-03-27 16:05:59,324 - zap_task - get_task - line:34 - ERROR - Faild to get zap task: Not the running task.
2024-03-27 16:06:00,215 - zap_task - get_task - line:34 - ERROR - Faild to get zap task: Not the running task.
2024-03-27 16:06:00,998 - zap_task - get_task - line:34 - ERROR - Faild to get zap task: Not the running task.
2024-03-27 16:19:32,283 - zap_task - get_report - line:114 - ERROR - Faild to get zap report: Not the running task.
2024-03-27 16:19:34,056 - zap_task - get_report - line:114 - ERROR - Faild to get zap report: Not the running task.
2024-03-27 16:19:34,927 - zap_task - get_report - line:114 - ERROR - Faild to get zap report: Not the running task.
2024-03-27 16:19:35,745 - zap_task - get_report - line:114 - ERROR - Faild to get zap report: Not the running task.
2024-03-27 16:19:45,575 - zap_task - get_report - line:114 - ERROR - Faild to get zap report: Not the running task.
2024-03-27 16:19:58,062 - zap_task - get_report - line:114 - ERROR - Faild to get zap report: Not the running task.
2024-03-27 16:20:08,046 - zap_task - create_task - line:66 - INFO - New task https://service.cstcloud.cn/ started.
2024-03-27 16:33:12,055 - zap_task - create_task - line:66 - INFO - New task https://service.cstcloud.cn/ started.
2024-03-27 16:33:17,620 - zap_task - create_task - line:66 - INFO - New task https://service.cstcloud.cn/ started.
2024-03-27 16:33:19,762 - zap_task - create_task - line:69 - ERROR - Faild to create zap task: Parallel excution is not supported.
2024-03-27 16:33:25,580 - zap_task - create_task - line:69 - ERROR - Faild to create zap task: Parallel excution is not supported.
2024-03-27 16:33:26,756 - zap_task - create_task - line:69 - ERROR - Faild to create zap task: Parallel excution is not supported.
2024-03-27 16:33:28,221 - zap_task - create_task - line:69 - ERROR - Faild to create zap task: Parallel excution is not supported.
2024-03-27 16:36:54,553 - zap_task - get_task - line:34 - ERROR - Faild to get zap task: Not the running task.
2024-03-27 16:36:55,909 - zap_task - get_task - line:34 - ERROR - Faild to get zap task: Not the running task.
2024-03-27 16:39:21,947 - zap_task - create_task - line:69 - ERROR - Faild to create zap task: Parallel excution is not supported.
2024-03-27 16:39:24,481 - zap_task - create_task - line:69 - ERROR - Faild to create zap task: Parallel excution is not supported.
2024-03-27 16:40:21,322 - zap_task - delete_task - line:93 - ERROR - Faild to create zap task: Not the running task.
2024-03-27 16:40:38,624 - zap_task - create_task - line:69 - ERROR - Faild to create zap task: Parallel excution is not supported.
2024-03-27 16:40:52,583 - zap_task - create_task - line:66 - INFO - New task https://service.cstcloud.cn/ started.
2024-03-27 16:44:31,991 - zap_task - create_task - line:69 - ERROR - Faild to create zap task: Parallel excution is not supported.
2024-03-27 16:58:12,106 - zap_task - get_task - line:34 - ERROR - Faild to get zap task: Not the running task.
2024-03-27 16:58:48,189 - zap_task - delete_task - line:93 - ERROR - Faild to create zap task: Not the running task.
2024-03-27 16:59:13,445 - zap_task - create_task - line:66 - INFO - New task https://service.cstcloud.cn/ started.
2024-03-27 17:00:37,926 - zap_task - get_task - line:49 - ERROR - Faild to get zap task: Not the running task.
2024-03-27 17:00:38,894 - zap_task - get_task - line:49 - ERROR - Faild to get zap task: Not the running task.
2024-03-27 17:00:39,823 - zap_task - get_task - line:49 - ERROR - Faild to get zap task: Not the running task.
2024-03-27 17:00:40,724 - zap_task - get_task - line:49 - ERROR - Faild to get zap task: Not the running task.
2024-03-27 17:00:41,610 - zap_task - get_task - line:49 - ERROR - Faild to get zap task: Not the running task.
2024-03-27 17:00:47,358 - zap_task - create_task - line:81 - INFO - New task https://service.cstcloud.cn/ started.
2024-03-27 17:09:12,484 - zap_task - delete_task - line:108 - ERROR - Faild to create zap task: Not the running task.
2024-03-27 17:09:21,722 - zap_task - create_task - line:81 - INFO - New task https://service.cstcloud.cn/ started.
2024-03-27 17:28:33,189 - zap_task - create_task - line:84 - ERROR - Faild to create zap task: Parallel excution is not supported.
2024-03-27 17:28:51,779 - zap_task - create_task - line:84 - ERROR - Faild to create zap task: Parallel excution is not supported.
2024-03-27 17:29:09,089 - zap_task - create_task - line:81 - INFO - New task https://service.cstcloud.cn/ started.
2024-04-03 19:01:03,526 - zap_task - create_task - line:81 - INFO - New task https://service.cstcloud.cn/ started.
2024-04-03 19:01:12,768 - zap_task - create_task - line:84 - ERROR - Faild to create zap task: Parallel excution is not supported.
2024-04-03 19:01:16,321 - zap_task - create_task - line:84 - ERROR - Faild to create zap task: Parallel excution is not supported.
2024-04-03 19:01:17,219 - zap_task - create_task - line:84 - ERROR - Faild to create zap task: Parallel excution is not supported.
2024-04-03 19:01:17,989 - zap_task - create_task - line:84 - ERROR - Faild to create zap task: Parallel excution is not supported.
2024-04-03 19:01:18,960 - zap_task - create_task - line:84 - ERROR - Faild to create zap task: Parallel excution is not supported.
2024-04-03 19:01:19,856 - zap_task - create_task - line:84 - ERROR - Faild to create zap task: Parallel excution is not supported.
2024-04-03 19:01:20,844 - zap_task - create_task - line:84 - ERROR - Faild to create zap task: Parallel excution is not supported.
2024-04-03 19:01:21,829 - zap_task - create_task - line:84 - ERROR - Faild to create zap task: Parallel excution is not supported.
2024-04-03 19:02:10,485 - zap_task - get_task - line:49 - ERROR - Faild to get zap task: Not the running task.
2024-04-03 19:02:11,822 - zap_task - get_task - line:49 - ERROR - Faild to get zap task: Not the running task.
2024-04-03 19:02:12,842 - zap_task - get_task - line:49 - ERROR - Faild to get zap task: Not the running task.
2024-04-03 19:02:13,701 - zap_task - get_task - line:49 - ERROR - Faild to get zap task: Not the running task.
2024-04-03 19:02:14,638 - zap_task - get_task - line:49 - ERROR - Faild to get zap task: Not the running task.
2024-04-03 19:03:19,538 - zap_task - create_task - line:84 - ERROR - Faild to create zap task: Parallel excution is not supported.
2024-04-03 19:03:25,681 - zap_task - get_task - line:49 - ERROR - Faild to get zap task: Not the running task.
2024-04-03 19:41:47,158 - zap_task - get_report - line:129 - ERROR - Faild to get zap report: Not the running task.
2024-04-03 19:42:08,491 - zap_task - create_task - line:84 - ERROR - Faild to create zap task: Parallel excution is not supported.
2024-04-03 19:42:09,580 - zap_task - create_task - line:84 - ERROR - Faild to create zap task: Parallel excution is not supported.
2024-04-03 19:42:30,095 - zap_task - get_task - line:49 - ERROR - Faild to get zap task: Not the running task.
2024-04-03 19:42:37,264 - zap_task - create_task - line:81 - INFO - New task https://service.cstcloud.cn/ started.
2024-04-03 19:42:47,020 - zap_task - get_task - line:49 - ERROR - Faild to get zap task: Not the running task.
2024-04-03 19:42:51,988 - zap_task - get_task - line:49 - ERROR - Faild to get zap task: Not the running task.
2024-04-03 19:42:56,822 - zap_task - delete_task - line:108 - ERROR - Faild to create zap task: Not the running task.
2024-04-03 19:44:01,490 - zap_task - create_task - line:81 - INFO - New task https://service.cstcloud.cn/ started.
2024-04-03 19:44:08,584 - zap_task - delete_task - line:108 - ERROR - Faild to create zap task: Not the running task.
2024-04-03 19:44:12,757 - zap_task - get_report - line:129 - ERROR - Faild to get zap report: Not the running task.
2024-04-03 19:44:16,209 - zap_task - get_task - line:49 - ERROR - Faild to get zap task: Not the running task.
2024-04-03 19:44:21,233 - zap_task - create_task - line:81 - INFO - New task https://service.cstcloud.cn/ started.
2024-04-03 19:44:28,989 - zap_task - get_task - line:49 - ERROR - Faild to get zap task: Not the running task.
2024-04-07 14:09:02,774 - zap_task - create_task - line:81 - INFO - New task https://net.cstcloud.cn started.
2024-04-10 15:24:02,959 - zap_task - create_task - line:81 - INFO - New task https://mail.cstnet.cn started.
2024-04-10 05:07:57,336 - zap_task - create_task - line:75 - ERROR - Faild to create zap task: get sql error.
2024-04-10 05:08:11,999 - zap_task - create_task - line:75 - ERROR - Faild to create zap task: get sql error.
2024-04-10 05:13:53,786 - zap_task - create_task - line:69 - INFO - New task https://service.cstcloud.cn/ started.
2024-04-10 05:13:53,787 - zap_task - create_task - line:75 - ERROR - Faild to create zap task: update sql error.
2024-04-10 05:14:09,375 - zap_task - create_task - line:69 - INFO - New task https://service.cstcloud.cn/ started.
2024-04-10 05:14:09,375 - zap_task - create_task - line:75 - ERROR - Faild to create zap task: update sql error.
2024-04-10 05:40:23,436 - zap_task - create_task - line:69 - INFO - New task https://service.cstcloud.cn/ started.
2024-04-10 05:41:30,546 - zap_task - get_report - line:125 - ERROR - Faild to get zap report: Not the running task.
2024-04-10 05:42:07,847 - zap_task - get_report - line:125 - ERROR - Faild to get zap report: Not the running task.
2024-04-10 11:05:27,620 - zap_task - create_task - line:69 - INFO - New task https://service.cstcloud.cn/ started.
2024-04-10 11:05:38,630 - zap_task - create_task - line:75 - ERROR - Faild to create zap task: Parallel excution is not supported.
2024-04-10 11:05:40,775 - zap_task - create_task - line:75 - ERROR - Faild to create zap task: Parallel excution is not supported.
2024-04-10 11:05:43,848 - zap_task - create_task - line:75 - ERROR - Faild to create zap task: Parallel excution is not supported.
2024-04-10 11:05:46,407 - zap_task - create_task - line:75 - ERROR - Faild to create zap task: Parallel excution is not supported.
2024-04-10 11:05:48,352 - zap_task - create_task - line:75 - ERROR - Faild to create zap task: Parallel excution is not supported.
2024-04-10 11:08:08,998 - zap_task - get_task - line:36 - ERROR - Faild to get zap task: Not the running task.
2024-04-10 11:08:10,421 - zap_task - get_task - line:36 - ERROR - Faild to get zap task: Not the running task.
2024-04-10 11:08:12,328 - zap_task - get_task - line:36 - ERROR - Faild to get zap task: Not the running task.
2024-04-10 11:08:13,973 - zap_task - get_task - line:36 - ERROR - Faild to get zap task: Not the running task.
2024-04-10 11:08:15,094 - zap_task - get_task - line:36 - ERROR - Faild to get zap task: Not the running task.
2024-04-10 11:08:34,244 - zap_task - get_report - line:125 - ERROR - Faild to get zap report: Not the running task.
2024-04-10 11:08:35,573 - zap_task - get_report - line:125 - ERROR - Faild to get zap report: Not the running task.
2024-04-10 11:08:36,605 - zap_task - get_report - line:125 - ERROR - Faild to get zap report: Not the running task.
2024-04-10 11:08:50,422 - zap_task - create_task - line:75 - ERROR - Faild to create zap task: Parallel excution is not supported.
2024-04-10 11:08:54,522 - zap_task - create_task - line:75 - ERROR - Faild to create zap task: Parallel excution is not supported.
2024-04-10 11:39:01,600 - zap_task - create_task - line:69 - INFO - New task https://service.cstcloud.cn/ started.
2024-04-10 11:39:06,305 - zap_task - create_task - line:75 - ERROR - Faild to create zap task: Parallel excution is not supported.
2024-04-10 11:42:01,798 - zap_task - create_task - line:75 - ERROR - Faild to create zap task: Parallel excution is not supported.
2024-04-10 11:45:02,526 - zap_task - create_task - line:75 - ERROR - Faild to create zap task: Parallel excution is not supported.
2024-04-10 11:48:02,101 - zap_task - create_task - line:75 - ERROR - Faild to create zap task: Parallel excution is not supported.
2024-04-10 11:51:02,633 - zap_task - create_task - line:75 - ERROR - Faild to create zap task: Parallel excution is not supported.
2024-04-10 11:54:03,196 - zap_task - create_task - line:69 - INFO - New task https://mail.cstnet.cn started.
2024-04-10 21:27:03,354 - zap_task - create_task - line:69 - INFO - New task https://yunkun.cstcloud.cn started.
2024-04-11 11:21:02,582 - zap_task - create_task - line:75 - ERROR - Faild to create zap task: Parallel excution is not supported.
2024-04-11 11:24:02,357 - zap_task - create_task - line:69 - INFO - New task https://yunkun.cstcloud.cn started.
2024-04-11 11:48:02,920 - zap_task - create_task - line:69 - INFO - New task https://yunkun.cstcloud.cn started.
2024-04-11 12:07:23,286 - zap_task - create_task - line:69 - INFO - New task https://service.cstcloud.cn/ started.
2024-04-13 10:42:02,970 - zap_task - create_task - line:69 - INFO - New task https://yunkun.cstcloud.cn started.
